<?xml version="1.0" encoding="UTF-8"?>
<!-- Generated by org.testng.reporters.JUnitXMLReporter -->
<testsuite hostname="DESKTOP-OOQP6OA" ignored="0" name="Default test" tests="5" failures="0" timestamp="03 Jul 2018 04:00:28 GMT" time="10.193" errors="0">
  <testcase name="firstTest" time="0.564" classname="olympics.OlympicsMedals"/>
  <testcase name="secondTest" time="3.381" classname="olympics.OlympicsMedals"/>
  <testcase name="thirdTest" time="0.548" classname="olympics.OlympicsMedals"/>
  <testcase name="fourthTest" time="0.783" classname="olympics.OlympicsMedals"/>
  <testcase name="fifthTest" time="0.524" classname="olympics.OlympicsMedals"/>
</testsuite> <!-- Default test -->
